<?xml version="1.0" encoding="UTF-8"?>
<!-- Generated by org.testng.reporters.JUnitXMLReporter -->
<testsuite hostname="DESKTOP-8V19SVD" ignored="0" name="Test" tests="4" failures="0" timestamp="18 Nov 2022 13:45:39 GMT" time="20.58" errors="0">
  <testcase name="test011" time="8.39" classname="com.jbk.TestDemo2"/>
  <testcase name="test01" time="12.092" classname="com.jbk.TestDemo"/>
  <testcase name="dashbord" time="0.025" classname="com.jbk.Login"/>
  <testcase name="loginTest" time="0.002" classname="com.jbk.Login"/>
</testsuite> <!-- Test -->
