<?xml version="1.0" encoding="UTF-8"?>
<!-- Generated by org.testng.reporters.JUnitXMLReporter -->
<testsuite hostname="DESKTOP-8V19SVD" ignored="0" name="Default test" tests="3" failures="0" timestamp="23 Nov 2022 13:07:13 GMT" time="4.232" errors="0">
  <testcase name="test01" time="3.384" classname="com.jbk.LoginTest"/>
  <testcase name="test02" time="0.077" classname="com.jbk.LoginTest"/>
  <testcase name="test03" time="0.64" classname="com.jbk.LoginTest"/>
</testsuite> <!-- Default test -->
