<?xml version="1.0" encoding="UTF-8"?>
<testng-results skipped="0" failed="0" ignored="0" total="3" passed="3">
  <reporter-output>
  </reporter-output>
  <suite name="Default suite" duration-ms="4232" started-at="2022-11-23T13:07:09Z" finished-at="2022-11-23T13:07:13Z">
    <groups>
    </groups>
    <test name="Default test" duration-ms="4232" started-at="2022-11-23T13:07:09Z" finished-at="2022-11-23T13:07:13Z">
      <class name="com.jbk.LoginTest">
        <test-method status="PASS" signature="setup()[pri:0, instance:com.jbk.LoginTest@2893de87]" name="setup" is-config="true" duration-ms="15343" started-at="2022-11-23T13:06:53Z" finished-at="2022-11-23T13:07:09Z">
          <reporter-output>
          </reporter-output>
        </test-method> <!-- setup -->
        <test-method status="PASS" signature="test01()[pri:0, instance:com.jbk.LoginTest@2893de87]" name="test01" duration-ms="3384" started-at="2022-11-23T13:07:09Z" finished-at="2022-11-23T13:07:12Z">
          <reporter-output>
          </reporter-output>
        </test-method> <!-- test01 -->
        <test-method status="PASS" signature="test02()[pri:0, instance:com.jbk.LoginTest@2893de87]" name="test02" duration-ms="77" started-at="2022-11-23T13:07:12Z" finished-at="2022-11-23T13:07:12Z">
          <reporter-output>
          </reporter-output>
        </test-method> <!-- test02 -->
        <test-method status="PASS" signature="test03()[pri:0, instance:com.jbk.LoginTest@2893de87]" name="test03" duration-ms="640" started-at="2022-11-23T13:07:12Z" finished-at="2022-11-23T13:07:13Z">
          <reporter-output>
          </reporter-output>
        </test-method> <!-- test03 -->
      </class> <!-- com.jbk.LoginTest -->
    </test> <!-- Default test -->
  </suite> <!-- Default suite -->
</testng-results>
